<?xml version="1.0" encoding="UTF-8"?>
<!-- Generated by org.testng.reporters.JUnitReportReporter -->
<testsuite skipped="0" hostname="PC_ABHIJEET" name="report.buildReport" tests="1" failures="0" timestamp="30 Jul 2018 07:09:20 GMT" time="7.878" errors="0">
  <testcase name="exwww" time="7.878" classname="report.buildReport"/>
</testsuite> <!-- report.buildReport -->
