<?xml version="1.0" encoding="UTF-8"?>
<!-- Generated by org.testng.reporters.JUnitReportReporter -->
<testsuite skipped="0" hostname="PC_ABHIJEET" name="temp.TempRun" tests="1" failures="0" timestamp="30 Jul 2018 03:55:10 GMT" time="0.001" errors="0">
  <testcase name="f" time="0.001" classname="temp.TempRun"/>
</testsuite> <!-- temp.TempRun -->
